#
# A fatal error has been detected by the Java Runtime Environment:
#
#  EXCEPTION_ACCESS_VIOLATION (0xc0000005) at pc=0x0000000000000000, pid=8024, tid=13784
#
# JRE version: Java(TM) SE Runtime Environment (8.0_31-b13) (build 1.8.0_31-b13)
# Java VM: Java HotSpot(TM) 64-Bit Server VM (25.31-b07 mixed mode windows-amd64 compressed oops)
# Problematic frame:
# C  0x0000000000000000
#
# Failed to write core dump. Minidumps are not enabled by default on client versions of Windows
#
# If you would like to submit a bug report, please visit:
#   http://bugreport.java.com/bugreport/crash.jsp
# The crash happened outside the Java Virtual Machine in native code.
# See problematic frame for where to report the bug.
#

---------------  T H R E A D  ---------------

Current thread (0x0000000002455800):  JavaThread "main" [_thread_in_native, id=13784, stack(0x0000000002350000,0x0000000002450000)]

siginfo: ExceptionCode=0xc0000005, ExceptionInformation=0x0000000000000008 0x0000000000000000

Registers:
RAX=0x00000000258999c0, RBX=0x000000001baaa378, RCX=0x0000000000008074, RDX=0x000000001f275370
RSP=0x000000000244f518, RBP=0x000000000244f590, RSI=0x0000000001000020, RDI=0x0000000002557a2d
R8 =0x0000000000008074, R9 =0x0000000002348040, R10=0x0000000002565b48, R11=0x0000000060742ba0
R12=0x0000000000000000, R13=0x000000001baaa378, R14=0x000000000244f5b0, R15=0x0000000002455800
RIP=0x0000000000000000, EFLAGS=0x0000000000010206

Top of Stack: (sp=0x000000000244f518)
0x000000000244f518:   0000000002565b74 0000000002455800
0x000000000244f528:   000000001baaa378 0000000001000020
0x000000000244f538:   0000000002455800 000000000244f608
0x000000000244f548:   00000000025658a2 000000000244f550
0x000000000244f558:   000000001baaa378 000000000244f5b0
0x000000000244f568:   000000001bad0290 0000000000000000
0x000000000244f578:   000000001baaa378 0000000000000000
0x000000000244f588:   000000000244f5b0 000000000244f5f8
0x000000000244f598:   0000000002557a2d 000000076ba67b10
0x000000000244f5a8:   000000000255f6b8 0000000000008074
0x000000000244f5b8:   000000000244f5b8 000000001baaa411
0x000000000244f5c8:   000000000244f608 000000001bad0290
0x000000000244f5d8:   0000000000000000 000000001baaa430
0x000000000244f5e8:   000000000244f5b0 000000000244f608
0x000000000244f5f8:   000000000244f650 0000000002557a2d
0x000000000244f608:   0000000000008074 000000000244f610 

Instructions: (pc=0x0000000000000000)
0xffffffffffffffe0:   


Register to memory mapping:

RAX=0x00000000258999c0 is an unknown value
RBX={method} {0x000000001baaa380} 'nglEnableClientState' '(I)V' in 'org/lwjgl/opengl/GL11'
RCX=0x0000000000008074 is an unknown value
RDX=0x000000001f275370 is an unknown value
RSP=0x000000000244f518 is pointing into the stack for thread: 0x0000000002455800
RBP=0x000000000244f590 is pointing into the stack for thread: 0x0000000002455800
RSI=0x0000000001000020 is an unknown value
RDI=0x0000000002557a2d is at code_begin+2093 in an Interpreter codelet
invoke return entry points  [0x0000000002557200, 0x0000000002557b00]  2304 bytes
R8 =0x0000000000008074 is an unknown value
R9 =0x0000000002348040 is an unknown value
R10=0x0000000002565b48 is at code_begin+840 in an Interpreter codelet
method entry point (kind = native)  [0x0000000002565800, 0x0000000002566160]  2400 bytes
R11=0x0000000060742ba0 is an unknown value
R12=0x0000000000000000 is an unknown value
R13={method} {0x000000001baaa380} 'nglEnableClientState' '(I)V' in 'org/lwjgl/opengl/GL11'
R14=0x000000000244f5b0 is pointing into the stack for thread: 0x0000000002455800
R15=0x0000000002455800 is a thread


Stack: [0x0000000002350000,0x0000000002450000],  sp=0x000000000244f518,  free space=1021k
Native frames: (J=compiled Java code, j=interpreted, Vv=VM code, C=native code)

Java frames: (J=compiled Java code, j=interpreted, Vv=VM code)
j  org.lwjgl.opengl.GL11.nglEnableClientState(I)V+0
j  org.lwjgl.opengl.GL11.glEnableClientState(I)V+1
j  backend.GameObject.Render()V+97
j  game.Game.Render()V+21
j  backend.Main.Update(F)V+20
J 631% C2 backend.Main.Run()V (75 bytes) @ 0x00000000027faddc [0x00000000027facc0+0x11c]
j  backend.Main.Start()V+3
j  backend.Main.main([Ljava/lang/String;)V+0
v  ~StubRoutines::call_stub

---------------  P R O C E S S  ---------------

Java Threads: ( => current thread )
  0x000000001e042000 JavaThread "Service Thread" daemon [_thread_blocked, id=7440, stack(0x000000001e980000,0x000000001ea80000)]
  0x000000001dfbb000 JavaThread "C1 CompilerThread3" daemon [_thread_blocked, id=5052, stack(0x000000001e880000,0x000000001e980000)]
  0x000000001dfb8800 JavaThread "C2 CompilerThread2" daemon [_thread_blocked, id=10432, stack(0x000000001e780000,0x000000001e880000)]
  0x000000001dfb1000 JavaThread "C2 CompilerThread1" daemon [_thread_blocked, id=10924, stack(0x000000001e680000,0x000000001e780000)]
  0x000000001dfaf000 JavaThread "C2 CompilerThread0" daemon [_thread_blocked, id=9456, stack(0x000000001e580000,0x000000001e680000)]
  0x000000001dfad800 JavaThread "Attach Listener" daemon [_thread_blocked, id=14160, stack(0x000000001e480000,0x000000001e580000)]
  0x000000001dfad000 JavaThread "Signal Dispatcher" daemon [_thread_blocked, id=10036, stack(0x000000001e380000,0x000000001e480000)]
  0x000000001bfad000 JavaThread "Finalizer" daemon [_thread_blocked, id=1516, stack(0x000000001de80000,0x000000001df80000)]
  0x0000000002548000 JavaThread "Reference Handler" daemon [_thread_blocked, id=5872, stack(0x000000001dd80000,0x000000001de80000)]
=>0x0000000002455800 JavaThread "main" [_thread_in_native, id=13784, stack(0x0000000002350000,0x0000000002450000)]

Other Threads:
  0x000000001bfa9000 VMThread [stack: 0x000000001dc80000,0x000000001dd80000] [id=952]
  0x000000001e047000 WatcherThread [stack: 0x000000001ea80000,0x000000001eb80000] [id=12076]

VM state:not at safepoint (normal execution)

VM Mutex/Monitor currently owned by a thread: None

Heap:
 PSYoungGen      total 76288K, used 19667K [0x000000076b180000, 0x0000000770680000, 0x00000007c0000000)
  eden space 65536K, 30% used [0x000000076b180000,0x000000076c4b4d68,0x000000076f180000)
  from space 10752K, 0% used [0x000000076fc00000,0x000000076fc00000,0x0000000770680000)
  to   space 10752K, 0% used [0x000000076f180000,0x000000076f180000,0x000000076fc00000)
 ParOldGen       total 175104K, used 0K [0x00000006c1400000, 0x00000006cbf00000, 0x000000076b180000)
  object space 175104K, 0% used [0x00000006c1400000,0x00000006c1400000,0x00000006cbf00000)
 Metaspace       used 8523K, capacity 8673K, committed 8832K, reserved 1056768K
  class space    used 743K, capacity 802K, committed 896K, reserved 1048576K

Card table byte_map: [0x0000000011910000,0x0000000012110000] byte_map_base: 0x000000000e306000

Marking Bits: (ParMarkBitMap*) 0x0000000060d0d4f0
 Begin Bits: [0x0000000012e60000, 0x0000000016e10000)
 End Bits:   [0x0000000016e10000, 0x000000001adc0000)

Polling page: 0x0000000000960000

CodeCache: size=245760Kb used=2744Kb max_used=2756Kb free=243015Kb
 bounds [0x0000000002550000, 0x0000000002810000, 0x0000000011550000]
 total_blobs=1446 nmethods=631 adapters=729
 compilation: enabled

Compilation events (10 events):
Event: 1.183 Thread 0x000000001dfbb000  626       3       org.lwjgl.glfw.GLFW::glfwWindowShouldClose (29 bytes)
Event: 1.184 Thread 0x000000001dfbb000 nmethod 626 0x00000000027f9dd0 code [0x00000000027f9f60, 0x00000000027fa278]
Event: 1.185 Thread 0x000000001dfb1000  628       4       org.lwjgl.glfw.GLFW::glfwWindowShouldClose (29 bytes)
Event: 1.185 Thread 0x000000001dfb1000 nmethod 628 0x00000000027ef790 code [0x00000000027ef8e0, 0x00000000027ef968]
Event: 1.189 Thread 0x000000001dfbb000  629 %     3       backend.Main::Run @ 22 (75 bytes)
Event: 1.190 Thread 0x000000001dfbb000 nmethod 629% 0x00000000027fb090 code [0x00000000027fb3c0, 0x00000000027fc678]
Event: 1.190 Thread 0x000000001dfbb000  630       3       backend.Main::Run (75 bytes)
Event: 1.191 Thread 0x000000001dfbb000 nmethod 630 0x00000000027fd410 code [0x00000000027fd740, 0x00000000027fe958]
Event: 1.191 Thread 0x000000001dfb8800  631 %     4       backend.Main::Run @ 22 (75 bytes)
Event: 1.192 Thread 0x000000001dfb8800 nmethod 631% 0x00000000027fab50 code [0x00000000027facc0, 0x00000000027fae88]

GC Heap History (0 events):
No events

Deoptimization events (0 events):
No events

Internal exceptions (10 events):
Event: 1.139 Thread 0x0000000002455800 Exception <a 'java/security/PrivilegedActionException'> (0x000000076c3c6748) thrown at [C:\workspace\8-2-build-windows-amd64-cygwin\jdk8u31\2394\hotspot\src\share\vm\prims\jvm.cpp, line 1312]
Event: 1.139 Thread 0x0000000002455800 Exception <a 'java/security/PrivilegedActionException'> (0x000000076c3c9908) thrown at [C:\workspace\8-2-build-windows-amd64-cygwin\jdk8u31\2394\hotspot\src\share\vm\prims\jvm.cpp, line 1312]
Event: 1.140 Thread 0x0000000002455800 Exception <a 'java/security/PrivilegedActionException'> (0x000000076c3cdaa0) thrown at [C:\workspace\8-2-build-windows-amd64-cygwin\jdk8u31\2394\hotspot\src\share\vm\prims\jvm.cpp, line 1312]
Event: 1.140 Thread 0x0000000002455800 Exception <a 'java/security/PrivilegedActionException'> (0x000000076c3d8360) thrown at [C:\workspace\8-2-build-windows-amd64-cygwin\jdk8u31\2394\hotspot\src\share\vm\prims\jvm.cpp, line 1312]
Event: 1.145 Thread 0x0000000002455800 Exception <a 'java/security/PrivilegedActionException'> (0x000000076c3fe280) thrown at [C:\workspace\8-2-build-windows-amd64-cygwin\jdk8u31\2394\hotspot\src\share\vm\prims\jvm.cpp, line 1312]
Event: 1.146 Thread 0x0000000002455800 Exception <a 'java/security/PrivilegedActionException'> (0x000000076c4066c0) thrown at [C:\workspace\8-2-build-windows-amd64-cygwin\jdk8u31\2394\hotspot\src\share\vm\prims\jvm.cpp, line 1312]
Event: 1.182 Thread 0x0000000002455800 Exception <a 'java/security/PrivilegedActionException'> (0x000000076c408180) thrown at [C:\workspace\8-2-build-windows-amd64-cygwin\jdk8u31\2394\hotspot\src\share\vm\prims\jvm.cpp, line 1312]
Event: 1.183 Thread 0x0000000002455800 Exception <a 'java/security/PrivilegedActionException'> (0x000000076c40bd20) thrown at [C:\workspace\8-2-build-windows-amd64-cygwin\jdk8u31\2394\hotspot\src\share\vm\prims\jvm.cpp, line 1312]
Event: 1.183 Thread 0x0000000002455800 Exception <a 'java/security/PrivilegedActionException'> (0x000000076c40dc58) thrown at [C:\workspace\8-2-build-windows-amd64-cygwin\jdk8u31\2394\hotspot\src\share\vm\prims\jvm.cpp, line 1312]
Event: 1.183 Thread 0x0000000002455800 Exception <a 'java/security/PrivilegedActionException'> (0x000000076c40f210) thrown at [C:\workspace\8-2-build-windows-amd64-cygwin\jdk8u31\2394\hotspot\src\share\vm\prims\jvm.cpp, line 1312]

Events (10 events):
Event: 1.182 loading class backend/GameObject
Event: 1.182 loading class backend/GameObject done
Event: 1.183 loading class game/Game
Event: 1.183 loading class game/Game done
Event: 1.183 loading class game/Test
Event: 1.183 loading class game/Test done
Event: 1.183 loading class math/Vector2
Event: 1.183 loading class math/Vector2 done
Event: 1.192 Thread 0x0000000002455800 DEOPT PACKING pc=0x00000000027fc3ae sp=0x000000000244f610
Event: 1.192 Thread 0x0000000002455800 DEOPT UNPACKING pc=0x00000000025975bf sp=0x000000000244f418 mode 0


Dynamic libraries:
0x00007ff7c0d60000 - 0x00007ff7c0d94000 	C:\Program Files\Java\jdk1.8.0_31\bin\javaw.exe
0x00007fff0fbe0000 - 0x00007fff0fda1000 	C:\WINDOWS\SYSTEM32\ntdll.dll
0x00007fff0d560000 - 0x00007fff0d60d000 	C:\WINDOWS\system32\KERNEL32.DLL
0x00007fff0ca90000 - 0x00007fff0cc78000 	C:\WINDOWS\system32\KERNELBASE.dll
0x00007fff0f9b0000 - 0x00007fff0fa57000 	C:\WINDOWS\system32\ADVAPI32.dll
0x00007fff0ddd0000 - 0x00007fff0de6d000 	C:\WINDOWS\system32\msvcrt.dll
0x00007fff0dfd0000 - 0x00007fff0e02b000 	C:\WINDOWS\system32\sechost.dll
0x00007fff0cfe0000 - 0x00007fff0d0fc000 	C:\WINDOWS\system32\RPCRT4.dll
0x00007fff0dc70000 - 0x00007fff0ddc6000 	C:\WINDOWS\system32\USER32.dll
0x00007fff0e2b0000 - 0x00007fff0e436000 	C:\WINDOWS\system32\GDI32.dll
0x00007fff01080000 - 0x00007fff012f4000 	C:\WINDOWS\WinSxS\amd64_microsoft.windows.common-controls_6595b64144ccf1df_6.0.10586.494_none_a2d8b04ea53e3145\COMCTL32.dll
0x00007fff0e030000 - 0x00007fff0e2ad000 	C:\WINDOWS\system32\combase.dll
0x00007fff0cea0000 - 0x00007fff0cf0a000 	C:\WINDOWS\system32\bcryptPrimitives.dll
0x00007fff0d100000 - 0x00007fff0d13b000 	C:\WINDOWS\system32\IMM32.DLL
0x00000000602a0000 - 0x0000000060372000 	C:\Program Files\Java\jdk1.8.0_31\jre\bin\msvcr100.dll
0x0000000060530000 - 0x0000000060d8a000 	C:\Program Files\Java\jdk1.8.0_31\jre\bin\server\jvm.dll
0x00007fff0d610000 - 0x00007fff0d618000 	C:\WINDOWS\system32\PSAPI.DLL
0x00007fff08010000 - 0x00007fff08019000 	C:\WINDOWS\SYSTEM32\WSOCK32.dll
0x00007fff0a820000 - 0x00007fff0a843000 	C:\WINDOWS\SYSTEM32\WINMM.dll
0x00007fff0df60000 - 0x00007fff0dfcb000 	C:\WINDOWS\system32\WS2_32.dll
0x00000000009e0000 - 0x0000000000a0c000 	C:\WINDOWS\SYSTEM32\WINMMBASE.dll
0x00007fff0ce50000 - 0x00007fff0ce93000 	C:\WINDOWS\system32\cfgmgr32.dll
0x0000000060440000 - 0x000000006044f000 	C:\Program Files\Java\jdk1.8.0_31\jre\bin\verify.dll
0x0000000060410000 - 0x0000000060438000 	C:\Program Files\Java\jdk1.8.0_31\jre\bin\java.dll
0x00000000603f0000 - 0x0000000060406000 	C:\Program Files\Java\jdk1.8.0_31\jre\bin\zip.dll
0x00007fff0e440000 - 0x00007fff0f99c000 	C:\WINDOWS\system32\SHELL32.dll
0x00007fff0c3b0000 - 0x00007fff0c9f5000 	C:\WINDOWS\system32\windows.storage.dll
0x00007fff0d2a0000 - 0x00007fff0d2f2000 	C:\WINDOWS\system32\shlwapi.dll
0x00007fff0c220000 - 0x00007fff0c22f000 	C:\WINDOWS\system32\kernel.appcore.dll
0x00007fff0c2f0000 - 0x00007fff0c3a5000 	C:\WINDOWS\system32\shcore.dll
0x00007fff0c230000 - 0x00007fff0c27b000 	C:\WINDOWS\system32\powrprof.dll
0x00007fff0c200000 - 0x00007fff0c214000 	C:\WINDOWS\system32\profapi.dll
0x00000000603d0000 - 0x00000000603ea000 	C:\Program Files\Java\jdk1.8.0_31\jre\bin\net.dll
0x00007fff0bad0000 - 0x00007fff0bb2c000 	C:\WINDOWS\system32\mswsock.dll
0x00000000603b0000 - 0x00000000603c1000 	C:\Program Files\Java\jdk1.8.0_31\jre\bin\nio.dll
0x00007ffeebfb0000 - 0x00007ffeec007000 	C:\Users\sethf_000\AppData\Local\Temp\lwjglsethf_000\3.1.1-build-16\lwjgl.dll
0x00007fff0bca0000 - 0x00007fff0bcab000 	C:\WINDOWS\SYSTEM32\CRYPTBASE.DLL
0x00007ffeed3c0000 - 0x00007ffeed3fc000 	C:\Users\SETHF_~1\AppData\Local\Temp\lwjglsethf_000\3.1.1-build-16\glfw.dll
0x00007fff0ab80000 - 0x00007fff0ac16000 	C:\WINDOWS\system32\uxtheme.dll
0x00007ffeebf60000 - 0x00007ffeebfa1000 	C:\WINDOWS\SYSTEM32\dinput8.dll
0x00007fff0a9a0000 - 0x00007fff0a9ae000 	C:\WINDOWS\SYSTEM32\xinput1_4.dll
0x00007fff0acd0000 - 0x00007fff0acf7000 	C:\WINDOWS\SYSTEM32\DEVOBJ.dll
0x00007fff097b0000 - 0x00007fff097d2000 	C:\WINDOWS\SYSTEM32\dwmapi.dll
0x00007fff0b1f0000 - 0x00007fff0b1fc000 	C:\WINDOWS\SYSTEM32\HID.DLL
0x00007fff0d630000 - 0x00007fff0da59000 	C:\WINDOWS\system32\SETUPAPI.DLL
0x00007fff0c290000 - 0x00007fff0c2e5000 	C:\WINDOWS\system32\WINTRUST.dll
0x00007fff0c280000 - 0x00007fff0c290000 	C:\WINDOWS\system32\MSASN1.dll
0x00007fff0cc80000 - 0x00007fff0ce48000 	C:\WINDOWS\system32\CRYPT32.dll
0x00007fff0d140000 - 0x00007fff0d29a000 	C:\WINDOWS\system32\MSCTF.dll
0x00007ffef9010000 - 0x00007ffef9139000 	C:\WINDOWS\SYSTEM32\opengl32.dll
0x00007ffef8f10000 - 0x00007ffef900a000 	C:\WINDOWS\SYSTEM32\DDRAW.dll
0x00007ffefc5a0000 - 0x00007ffefc5ce000 	C:\WINDOWS\SYSTEM32\GLU32.dll
0x00007fff00a80000 - 0x00007fff00a88000 	C:\WINDOWS\SYSTEM32\DCIMAN32.dll
0x000000005e150000 - 0x000000006029f000 	C:\WINDOWS\SYSTEM32\nvoglv64.DLL
0x00007fff01820000 - 0x00007fff0182a000 	C:\WINDOWS\SYSTEM32\VERSION.dll
0x00007fff0a070000 - 0x00007fff0a083000 	C:\WINDOWS\SYSTEM32\WTSAPI32.dll
0x00007fff0b6f0000 - 0x00007fff0b721000 	C:\WINDOWS\SYSTEM32\ntmarta.dll
0x00007fff0c0d0000 - 0x00007fff0c126000 	C:\WINDOWS\SYSTEM32\WINSTA.dll
0x00007fff09450000 - 0x00007fff094f2000 	C:\WINDOWS\system32\dxgi.dll
0x00007fff09500000 - 0x00007fff097a8000 	C:\WINDOWS\system32\d3d11.dll
0x00007ffed4140000 - 0x00007ffed5868000 	C:\WINDOWS\SYSTEM32\nvwgf2umx.dll
0x00007fff0c130000 - 0x00007fff0c159000 	C:\WINDOWS\SYSTEM32\bcrypt.dll
0x00007ffeff000000 - 0x00007ffeff3f7000 	C:\WINDOWS\system32\nvapi64.dll
0x00007fff0d300000 - 0x00007fff0d443000 	C:\WINDOWS\system32\ole32.dll
0x00007ffeebf00000 - 0x00007ffeebf5f000 	C:\Users\sethf_000\AppData\Local\Temp\lwjglsethf_000\3.1.1-build-16\lwjgl_opengl.dll
0x00007ffee4a20000 - 0x00007ffee4a5e000 	C:\Users\SETHF_~1\AppData\Local\Temp\lwjglsethf_000\3.1.1-build-16\jemalloc.dll
0x00007ffeeda30000 - 0x00007ffeedbbc000 	C:\WINDOWS\SYSTEM32\dbghelp.dll

VM Arguments:
jvm_args: -Dfile.encoding=Cp1252 
java_command: backend.Main
java_class_path (initial): D:\Documents\JavaProjects\EclipseWorkspace\ComputerScienceProject\bin;D:\Documents\JavaProjects\Libraries\LWJGL3\Uncompressed\joml-1.9.2.jar;D:\Documents\JavaProjects\Libraries\LWJGL3\Uncompressed\joml-1.9.2-javadoc.jar;D:\Documents\JavaProjects\Libraries\LWJGL3\Uncompressed\joml-1.9.2-sources.jar;D:\Documents\JavaProjects\Libraries\LWJGL3\Uncompressed\lwjgl.jar;D:\Documents\JavaProjects\Libraries\LWJGL3\Uncompressed\lwjgl-assimp.jar;D:\Documents\JavaProjects\Libraries\LWJGL3\Uncompressed\lwjgl-assimp-javadoc.jar;D:\Documents\JavaProjects\Libraries\LWJGL3\Uncompressed\lwjgl-assimp-natives-linux.jar;D:\Documents\JavaProjects\Libraries\LWJGL3\Uncompressed\lwjgl-assimp-natives-macos.jar;D:\Documents\JavaProjects\Libraries\LWJGL3\Uncompressed\lwjgl-assimp-natives-windows.jar;D:\Documents\JavaProjects\Libraries\LWJGL3\Uncompressed\lwjgl-assimp-sources.jar;D:\Documents\JavaProjects\Libraries\LWJGL3\Uncompressed\lwjgl-bgfx.jar;D:\Documents\JavaProjects\Libraries\LWJGL3\Uncompressed\lwjgl-bgfx-javadoc.jar;D:\Documents\JavaProjects\Libraries\LWJGL3\Uncompressed\lwjgl-bgfx-natives-linux.jar;D:\Documents\JavaProjects\Libraries\LWJGL3\Uncompressed\lwjgl-bgfx-natives-macos.jar;D:\Documents\JavaProjects\Libraries\LWJGL3\Uncompressed\lwjgl-bgfx-natives-windows.jar;D:\Documents\JavaProjects\Libraries\LWJGL3\Uncompressed\lwjgl-bgfx-sources.jar;D:\Documents\JavaProjects\Libraries\LWJGL3\Uncompressed\lwjgl-egl.jar;D:\Documents\JavaProjects\Libraries\LWJGL3\Uncompressed\lwjgl-egl-javadoc.jar;D:\Documents\JavaProjects\Libraries\LWJGL3\Uncompressed\lwjgl-egl-sources.jar;D:\Documents\JavaProjects\Libraries\LWJGL3\Uncompressed\lwjgl-glfw.jar;D:\Documents\JavaProjects\Libraries\LWJGL3\Uncompressed\lwjgl-glfw-javadoc.jar;D:\Documents\JavaProjects\Libraries\LWJGL3\Uncompressed\lwjgl-glfw-natives-linux.jar;D:\Documents\JavaProjects\Libraries\LWJGL3\Uncompressed\lwjgl-glfw-natives-macos.jar;D:\Documents\JavaProjects\Libraries\LWJGL3\Uncompressed\lwjgl-glfw-natives-w
Launcher Type: SUN_STANDARD

Environment Variables:
PATH=C:/Program Files/Java/jdk1.8.0_31/jre/bin/server;C:/Program Files/Java/jdk1.8.0_31/jre/bin;C:/Program Files/Java/jdk1.8.0_31/jre/lib/amd64;C:\Program Files\Haskell\bin;D:\ProgramFiles\Haskell\8.0.2\lib\extralibs\bin;D:\ProgramFiles\Haskell\8.0.2\bin;C:\ProgramData\Oracle\Java\javapath;C:\Program Files (x86)\Intel\iCLS Client\;C:\Program Files\Intel\iCLS Client\;C:\Windows\system32;C:\Windows;C:\Windows\System32\Wbem;C:\Windows\System32\WindowsPowerShell\v1.0\;C:\Program Files (x86)\Windows Live\Shared;C:\Program Files\Intel\Intel(R) Management Engine Components\DAL;C:\Program Files\Intel\Intel(R) Management Engine Components\IPT;C:\Program Files (x86)\Intel\Intel(R) Management Engine Components\DAL;C:\Program Files (x86)\Intel\Intel(R) Management Engine Components\IPT;C:\Program Files\Microsoft SQL Server\110\Tools\Binn\;C:\Program Files\Microsoft SQL Server\120\Tools\Binn\;C:\Program Files (x86)\NVIDIA Corporation\PhysX\Common;D:\ProgramFiles\IsoBuster;C:\WINDOWS\system32;C:\WINDOWS;C:\WINDOWS\System32\Wbem;C:\WINDOWS\System32\WindowsPowerShell\v1.0\;C:\Program Files (x86)\Skype\Phone\;D:\ProgramFiles\Latex\miktex\bin\x64\;C:\WINDOWS\system32\config\systemprofile\.dnx\bin;C:\Program Files\Microsoft DNX\Dnvm\;C:\Program Files\Microsoft SQL Server\130\Tools\Binn\;C:\Program Files (x86)\Windows Kits\8.1\Windows Performance Toolkit\;D:\ProgramFiles\GTK#\bin;D:\ProgramFiles\NodeJS\;D:\ProgramFiles\Haskell\8.0.2\mingw\bin;D:\ProgramFiles\CMake\bin;D:\ProgramFiles\doxygen\bin;C:\Users\sethf_000\AppData\Local\Programs\Python\Python36-32\Scripts\;C:\Users\sethf_000\AppData\Local\Programs\Python\Python36-32\;C:\Users\sethf_000\AppData\Roaming\cabal\bin;D:\ProgramFiles\Haskell\bin;C:\Users\sethf_000\AppData\Local\atom\bin;C:\Users\sethf_000\AppData\Roaming\npm;D:\ProgramFiles\Heroku\bin;C:\Users\sethf_000\Desktop;
USERNAME=sethf_000
OS=Windows_NT
PROCESSOR_IDENTIFIER=Intel64 Family 6 Model 60 Stepping 3, GenuineIntel



---------------  S Y S T E M  ---------------

OS: Windows 8.1 , 64 bit Build 9600 

CPU:total 8 (4 cores per cpu, 2 threads per core) family 6 model 60 stepping 3, cmov, cx8, fxsr, mmx, sse, sse2, sse3, ssse3, sse4.1, sse4.2, popcnt, avx, avx2, aes, clmul, erms, lzcnt, ht, tsc, tscinvbit, bmi1, bmi2

Memory: 4k page, physical 16692944k(10546488k free), swap 19183312k(12059748k free)

vm_info: Java HotSpot(TM) 64-Bit Server VM (25.31-b07) for windows-amd64 JRE (1.8.0_31-b13), built on Dec 17 2014 21:00:28 by "java_re" with MS VC++ 10.0 (VS2010)

time: Fri Aug 25 22:30:39 2017
elapsed time: 1 seconds (0d 0h 0m 1s)

